[2025-10-26 15:52:05] INFO: Starting Flye 2.8.3-b1695
[2025-10-26 15:52:05] INFO: >>>STAGE: configure
[2025-10-26 15:52:05] INFO: Configuring run
[2025-10-26 15:52:06] INFO: Total read length: 95814946
[2025-10-26 15:52:06] INFO: Reads N50/N90: 23041 / 8004
[2025-10-26 15:52:06] INFO: Minimum overlap set to 3000
[2025-10-26 15:52:06] INFO: >>>STAGE: assembly
[2025-10-26 15:52:06] INFO: Assembling disjointigs
[2025-10-26 15:52:06] INFO: Reading sequences
[2025-10-26 15:52:08] INFO: Counting k-mers:
0% 10% 20% 30% 40% 50% 60% 70% 80% 90% 100% 
[2025-10-26 15:53:02] INFO: Filling index table (1/2)
0% 10% 20% 30% 40% 50% 60% 70% 80% 90% 100% 
[2025-10-26 15:53:03] INFO: Filling index table (2/2)
0% 10% 20% 30% 40% 50% 60% 70% 80% 90% 100% 
[2025-10-26 15:53:09] INFO: Extending reads
[2025-10-26 15:53:36] INFO: Overlap-based coverage: 16
[2025-10-26 15:53:36] INFO: Median overlap divergence: 0.09074
0% 40% 90% 100% 
[2025-10-26 15:53:42] INFO: Assembled 44 disjointigs
[2025-10-26 15:53:42] INFO: Generating sequence
0% 10% 20% 30% 40% 50% 60% 70% 80% 90% 100% 
[2025-10-26 15:53:44] INFO: >>>STAGE: consensus
[2025-10-26 15:53:44] INFO: Running Minimap2
[2025-10-26 15:53:47] INFO: Computing consensus
[2025-10-26 15:54:15] INFO: Alignment error rate: 0.098127
[2025-10-26 15:54:15] INFO: >>>STAGE: repeat
[2025-10-26 15:54:15] INFO: Building and resolving repeat graph
[2025-10-26 15:54:15] INFO: Parsing disjointigs
[2025-10-26 15:54:15] INFO: Building repeat graph
0% 10% 20% 30% % 40% 50% 60% 70% 80% 90% 100% 
[2025-10-26 15:54:21] INFO: Median overlap divergence: 0.0210058
[2025-10-26 15:54:21] INFO: Parsing reads
[2025-10-26 15:54:21] INFO: Aligning reads to the graph
0% 10% 20% 30% 40% 50% 60% 70% 80% 90% 100% 
[2025-10-26 15:54:24] INFO: Aligned read sequence: 91412751 / 94526831 (0.967056)
[2025-10-26 15:54:24] INFO: Median overlap divergence: 0.0431581
[2025-10-26 15:54:24] INFO: Mean edge coverage: 16
[2025-10-26 15:54:24] INFO: Simplifying the graph
[2025-10-26 15:54:24] INFO: >>>STAGE: contigger
[2025-10-26 15:54:24] INFO: Generating contigs
[2025-10-26 15:54:24] INFO: Reading sequences
[2025-10-26 15:54:25] INFO: Generated 93 contigs
[2025-10-26 15:54:25] INFO: Added 1 scaffold connections
[2025-10-26 15:54:25] INFO: >>>STAGE: polishing
[2025-10-26 15:54:25] INFO: Polishing genome (1/1)
[2025-10-26 15:54:25] INFO: Running minimap2
[2025-10-26 15:54:28] INFO: Separating alignment into bubbles
[2025-10-26 15:54:44] INFO: Alignment error rate: 0.065592
[2025-10-26 15:54:44] INFO: Correcting bubbles
0% 10% 20% 30% 40% 50% 60% 70% 80% 90% 100% 
[2025-10-26 15:55:18] INFO: >>>STAGE: finalize
[2025-10-26 15:55:18] INFO: Assembly statistics:

	Total length:	6212890
	Fragments:	69
	Fragments N50:	419410
	Largest frg:	1285556
	Scaffolds:	1
	Mean coverage:	15

[2025-10-26 15:55:18] INFO: Final assembly: /storage3/jlipovac/metagenomika_eval/playexample/p_e_madre_out/metaflye/assembly.fasta
